desc: --massif-out-file=massif.out
cmd: ./a.out
time_unit: i
#-----------
snapshot=0
#-----------
time=0
mem_heap_B=0
mem_heap_extra_B=0
mem_stacks_B=0
heap_tree=empty
#-----------
snapshot=1
#-----------
time=173709
mem_heap_B=348
mem_heap_extra_B=44
mem_stacks_B=0
heap_tree=detailed
n3: 348 (heap allocation functions) malloc/new/new[], --alloc-fns, etc.
 n0: 256 0x40A210: main (in /home/zlin/code/lift-paper/Coconut/Examples/HandTracking/a.out)
 n0: 56 0x40A1BA: main (in /home/zlin/code/lift-paper/Coconut/Examples/HandTracking/a.out)
 n1: 36 0x40754D: TOP_LEVEL_usecases_ht_angle_axis_to_rotation_matrix_dps (in /home/zlin/code/lift-paper/Coconut/Examples/HandTracking/a.out)
  n0: 36 0x40A234: main (in /home/zlin/code/lift-paper/Coconut/Examples/HandTracking/a.out)
#-----------
snapshot=2
#-----------
time=79430734
mem_heap_B=312
mem_heap_extra_B=24
mem_stacks_B=0
heap_tree=empty
#-----------
snapshot=3
#-----------
time=139286734
mem_heap_B=312
mem_heap_extra_B=24
mem_stacks_B=0
heap_tree=empty
#-----------
snapshot=4
#-----------
time=183830734
mem_heap_B=312
mem_heap_extra_B=24
mem_stacks_B=0
heap_tree=empty
#-----------
snapshot=5
#-----------
time=228374734
mem_heap_B=312
mem_heap_extra_B=24
mem_stacks_B=0
heap_tree=empty
#-----------
snapshot=6
#-----------
time=272918734
mem_heap_B=312
mem_heap_extra_B=24
mem_stacks_B=0
heap_tree=empty
#-----------
snapshot=7
#-----------
time=317462734
mem_heap_B=312
mem_heap_extra_B=24
mem_stacks_B=0
heap_tree=empty
#-----------
snapshot=8
#-----------
time=362006734
mem_heap_B=312
mem_heap_extra_B=24
mem_stacks_B=0
heap_tree=detailed
n3: 312 (heap allocation functions) malloc/new/new[], --alloc-fns, etc.
 n0: 256 0x40A210: main (in /home/zlin/code/lift-paper/Coconut/Examples/HandTracking/a.out)
 n0: 56 0x40A1BA: main (in /home/zlin/code/lift-paper/Coconut/Examples/HandTracking/a.out)
 n0: 0 in 1 place, below massif's threshold (1.00%)
#-----------
snapshot=9
#-----------
time=406550734
mem_heap_B=312
mem_heap_extra_B=24
mem_stacks_B=0
heap_tree=empty
#-----------
snapshot=10
#-----------
time=451094734
mem_heap_B=312
mem_heap_extra_B=24
mem_stacks_B=0
heap_tree=empty
#-----------
snapshot=11
#-----------
time=495638734
mem_heap_B=312
mem_heap_extra_B=24
mem_stacks_B=0
heap_tree=empty
#-----------
snapshot=12
#-----------
time=556886734
mem_heap_B=312
mem_heap_extra_B=24
mem_stacks_B=0
heap_tree=empty
#-----------
snapshot=13
#-----------
time=601430734
mem_heap_B=312
mem_heap_extra_B=24
mem_stacks_B=0
heap_tree=empty
#-----------
snapshot=14
#-----------
time=645974734
mem_heap_B=312
mem_heap_extra_B=24
mem_stacks_B=0
heap_tree=empty
#-----------
snapshot=15
#-----------
time=690518734
mem_heap_B=312
mem_heap_extra_B=24
mem_stacks_B=0
heap_tree=empty
#-----------
snapshot=16
#-----------
time=735062734
mem_heap_B=312
mem_heap_extra_B=24
mem_stacks_B=0
heap_tree=empty
#-----------
snapshot=17
#-----------
time=779606734
mem_heap_B=312
mem_heap_extra_B=24
mem_stacks_B=0
heap_tree=empty
#-----------
snapshot=18
#-----------
time=824150734
mem_heap_B=312
mem_heap_extra_B=24
mem_stacks_B=0
heap_tree=empty
#-----------
snapshot=19
#-----------
time=868694734
mem_heap_B=312
mem_heap_extra_B=24
mem_stacks_B=0
heap_tree=empty
#-----------
snapshot=20
#-----------
time=913238734
mem_heap_B=312
mem_heap_extra_B=24
mem_stacks_B=0
heap_tree=empty
#-----------
snapshot=21
#-----------
time=957782734
mem_heap_B=312
mem_heap_extra_B=24
mem_stacks_B=0
heap_tree=empty
#-----------
snapshot=22
#-----------
time=1002326734
mem_heap_B=312
mem_heap_extra_B=24
mem_stacks_B=0
heap_tree=empty
#-----------
snapshot=23
#-----------
time=1046870734
mem_heap_B=312
mem_heap_extra_B=24
mem_stacks_B=0
heap_tree=empty
#-----------
snapshot=24
#-----------
time=1091414734
mem_heap_B=312
mem_heap_extra_B=24
mem_stacks_B=0
heap_tree=empty
#-----------
snapshot=25
#-----------
time=1135958734
mem_heap_B=312
mem_heap_extra_B=24
mem_stacks_B=0
heap_tree=empty
#-----------
snapshot=26
#-----------
time=1180502734
mem_heap_B=312
mem_heap_extra_B=24
mem_stacks_B=0
heap_tree=empty
#-----------
snapshot=27
#-----------
time=1225046734
mem_heap_B=312
mem_heap_extra_B=24
mem_stacks_B=0
heap_tree=detailed
n3: 312 (heap allocation functions) malloc/new/new[], --alloc-fns, etc.
 n0: 256 0x40A210: main (in /home/zlin/code/lift-paper/Coconut/Examples/HandTracking/a.out)
 n0: 56 0x40A1BA: main (in /home/zlin/code/lift-paper/Coconut/Examples/HandTracking/a.out)
 n0: 0 in 1 place, below massif's threshold (1.00%)
#-----------
snapshot=28
#-----------
time=1269590734
mem_heap_B=312
mem_heap_extra_B=24
mem_stacks_B=0
heap_tree=empty
#-----------
snapshot=29
#-----------
time=1314134734
mem_heap_B=312
mem_heap_extra_B=24
mem_stacks_B=0
heap_tree=empty
#-----------
snapshot=30
#-----------
time=1358678734
mem_heap_B=312
mem_heap_extra_B=24
mem_stacks_B=0
heap_tree=empty
#-----------
snapshot=31
#-----------
time=1403222734
mem_heap_B=312
mem_heap_extra_B=24
mem_stacks_B=0
heap_tree=empty
#-----------
snapshot=32
#-----------
time=1447766734
mem_heap_B=312
mem_heap_extra_B=24
mem_stacks_B=0
heap_tree=detailed
n3: 312 (heap allocation functions) malloc/new/new[], --alloc-fns, etc.
 n0: 256 0x40A210: main (in /home/zlin/code/lift-paper/Coconut/Examples/HandTracking/a.out)
 n0: 56 0x40A1BA: main (in /home/zlin/code/lift-paper/Coconut/Examples/HandTracking/a.out)
 n0: 0 in 1 place, below massif's threshold (1.00%)
#-----------
snapshot=33
#-----------
time=1492310734
mem_heap_B=312
mem_heap_extra_B=24
mem_stacks_B=0
heap_tree=empty
#-----------
snapshot=34
#-----------
time=1536854734
mem_heap_B=312
mem_heap_extra_B=24
mem_stacks_B=0
heap_tree=empty
#-----------
snapshot=35
#-----------
time=1581398734
mem_heap_B=312
mem_heap_extra_B=24
mem_stacks_B=0
heap_tree=empty
#-----------
snapshot=36
#-----------
time=1625942734
mem_heap_B=312
mem_heap_extra_B=24
mem_stacks_B=0
heap_tree=empty
#-----------
snapshot=37
#-----------
time=1670486734
mem_heap_B=312
mem_heap_extra_B=24
mem_stacks_B=0
heap_tree=detailed
n3: 312 (heap allocation functions) malloc/new/new[], --alloc-fns, etc.
 n0: 256 0x40A210: main (in /home/zlin/code/lift-paper/Coconut/Examples/HandTracking/a.out)
 n0: 56 0x40A1BA: main (in /home/zlin/code/lift-paper/Coconut/Examples/HandTracking/a.out)
 n0: 0 in 1 place, below massif's threshold (1.00%)
#-----------
snapshot=38
#-----------
time=1715030734
mem_heap_B=312
mem_heap_extra_B=24
mem_stacks_B=0
heap_tree=empty
#-----------
snapshot=39
#-----------
time=1759574734
mem_heap_B=312
mem_heap_extra_B=24
mem_stacks_B=0
heap_tree=empty
#-----------
snapshot=40
#-----------
time=1804118734
mem_heap_B=312
mem_heap_extra_B=24
mem_stacks_B=0
heap_tree=empty
#-----------
snapshot=41
#-----------
time=1848662734
mem_heap_B=312
mem_heap_extra_B=24
mem_stacks_B=0
heap_tree=empty
#-----------
snapshot=42
#-----------
time=1893206734
mem_heap_B=312
mem_heap_extra_B=24
mem_stacks_B=0
heap_tree=detailed
n3: 312 (heap allocation functions) malloc/new/new[], --alloc-fns, etc.
 n0: 256 0x40A210: main (in /home/zlin/code/lift-paper/Coconut/Examples/HandTracking/a.out)
 n0: 56 0x40A1BA: main (in /home/zlin/code/lift-paper/Coconut/Examples/HandTracking/a.out)
 n0: 0 in 1 place, below massif's threshold (1.00%)
#-----------
snapshot=43
#-----------
time=1937750734
mem_heap_B=312
mem_heap_extra_B=24
mem_stacks_B=0
heap_tree=empty
#-----------
snapshot=44
#-----------
time=1982294734
mem_heap_B=312
mem_heap_extra_B=24
mem_stacks_B=0
heap_tree=empty
#-----------
snapshot=45
#-----------
time=2026838734
mem_heap_B=312
mem_heap_extra_B=24
mem_stacks_B=0
heap_tree=empty
#-----------
snapshot=46
#-----------
time=2071382734
mem_heap_B=312
mem_heap_extra_B=24
mem_stacks_B=0
heap_tree=empty
#-----------
snapshot=47
#-----------
time=2115926734
mem_heap_B=312
mem_heap_extra_B=24
mem_stacks_B=0
heap_tree=detailed
n3: 312 (heap allocation functions) malloc/new/new[], --alloc-fns, etc.
 n0: 256 0x40A210: main (in /home/zlin/code/lift-paper/Coconut/Examples/HandTracking/a.out)
 n0: 56 0x40A1BA: main (in /home/zlin/code/lift-paper/Coconut/Examples/HandTracking/a.out)
 n0: 0 in 1 place, below massif's threshold (1.00%)
#-----------
snapshot=48
#-----------
time=2160470734
mem_heap_B=312
mem_heap_extra_B=24
mem_stacks_B=0
heap_tree=empty
#-----------
snapshot=49
#-----------
time=2227286734
mem_heap_B=312
mem_heap_extra_B=24
mem_stacks_B=0
heap_tree=empty
#-----------
snapshot=50
#-----------
time=2271830734
mem_heap_B=312
mem_heap_extra_B=24
mem_stacks_B=0
heap_tree=empty
#-----------
snapshot=51
#-----------
time=2316374734
mem_heap_B=312
mem_heap_extra_B=24
mem_stacks_B=0
heap_tree=empty
#-----------
snapshot=52
#-----------
time=2360918734
mem_heap_B=312
mem_heap_extra_B=24
mem_stacks_B=0
heap_tree=empty
#-----------
snapshot=53
#-----------
time=2405462734
mem_heap_B=312
mem_heap_extra_B=24
mem_stacks_B=0
heap_tree=empty
#-----------
snapshot=54
#-----------
time=2450006734
mem_heap_B=312
mem_heap_extra_B=24
mem_stacks_B=0
heap_tree=detailed
n3: 312 (heap allocation functions) malloc/new/new[], --alloc-fns, etc.
 n0: 256 0x40A210: main (in /home/zlin/code/lift-paper/Coconut/Examples/HandTracking/a.out)
 n0: 56 0x40A1BA: main (in /home/zlin/code/lift-paper/Coconut/Examples/HandTracking/a.out)
 n0: 0 in 1 place, below massif's threshold (1.00%)
#-----------
snapshot=55
#-----------
time=2494550734
mem_heap_B=312
mem_heap_extra_B=24
mem_stacks_B=0
heap_tree=empty
#-----------
snapshot=56
#-----------
time=2539094734
mem_heap_B=312
mem_heap_extra_B=24
mem_stacks_B=0
heap_tree=empty
#-----------
snapshot=57
#-----------
time=2583638734
mem_heap_B=312
mem_heap_extra_B=24
mem_stacks_B=0
heap_tree=empty
#-----------
snapshot=58
#-----------
time=2628182734
mem_heap_B=312
mem_heap_extra_B=24
mem_stacks_B=0
heap_tree=empty
#-----------
snapshot=59
#-----------
time=2672726734
mem_heap_B=312
mem_heap_extra_B=24
mem_stacks_B=0
heap_tree=empty
#-----------
snapshot=60
#-----------
time=2717270734
mem_heap_B=312
mem_heap_extra_B=24
mem_stacks_B=0
heap_tree=empty
#-----------
snapshot=61
#-----------
time=2761814734
mem_heap_B=312
mem_heap_extra_B=24
mem_stacks_B=0
heap_tree=empty
#-----------
snapshot=62
#-----------
time=2806358734
mem_heap_B=312
mem_heap_extra_B=24
mem_stacks_B=0
heap_tree=empty
#-----------
snapshot=63
#-----------
time=2850902734
mem_heap_B=312
mem_heap_extra_B=24
mem_stacks_B=0
heap_tree=empty
#-----------
snapshot=64
#-----------
time=2895446734
mem_heap_B=312
mem_heap_extra_B=24
mem_stacks_B=0
heap_tree=detailed
n3: 312 (heap allocation functions) malloc/new/new[], --alloc-fns, etc.
 n0: 256 0x40A210: main (in /home/zlin/code/lift-paper/Coconut/Examples/HandTracking/a.out)
 n0: 56 0x40A1BA: main (in /home/zlin/code/lift-paper/Coconut/Examples/HandTracking/a.out)
 n0: 0 in 1 place, below massif's threshold (1.00%)
#-----------
snapshot=65
#-----------
time=2939990734
mem_heap_B=312
mem_heap_extra_B=24
mem_stacks_B=0
heap_tree=empty
#-----------
snapshot=66
#-----------
time=2984534734
mem_heap_B=312
mem_heap_extra_B=24
mem_stacks_B=0
heap_tree=empty
#-----------
snapshot=67
#-----------
time=3029078734
mem_heap_B=312
mem_heap_extra_B=24
mem_stacks_B=0
heap_tree=empty
#-----------
snapshot=68
#-----------
time=3073622734
mem_heap_B=312
mem_heap_extra_B=24
mem_stacks_B=0
heap_tree=empty
#-----------
snapshot=69
#-----------
time=3118166734
mem_heap_B=312
mem_heap_extra_B=24
mem_stacks_B=0
heap_tree=empty
#-----------
snapshot=70
#-----------
time=3162710734
mem_heap_B=312
mem_heap_extra_B=24
mem_stacks_B=0
heap_tree=empty
#-----------
snapshot=71
#-----------
time=3207254734
mem_heap_B=312
mem_heap_extra_B=24
mem_stacks_B=0
heap_tree=empty
#-----------
snapshot=72
#-----------
time=3251798734
mem_heap_B=312
mem_heap_extra_B=24
mem_stacks_B=0
heap_tree=empty
#-----------
snapshot=73
#-----------
time=3296342734
mem_heap_B=312
mem_heap_extra_B=24
mem_stacks_B=0
heap_tree=empty
#-----------
snapshot=74
#-----------
time=3340886734
mem_heap_B=312
mem_heap_extra_B=24
mem_stacks_B=0
heap_tree=detailed
n3: 312 (heap allocation functions) malloc/new/new[], --alloc-fns, etc.
 n0: 256 0x40A210: main (in /home/zlin/code/lift-paper/Coconut/Examples/HandTracking/a.out)
 n0: 56 0x40A1BA: main (in /home/zlin/code/lift-paper/Coconut/Examples/HandTracking/a.out)
 n0: 0 in 1 place, below massif's threshold (1.00%)
#-----------
snapshot=75
#-----------
time=3385430734
mem_heap_B=312
mem_heap_extra_B=24
mem_stacks_B=0
heap_tree=empty
#-----------
snapshot=76
#-----------
time=3429974734
mem_heap_B=312
mem_heap_extra_B=24
mem_stacks_B=0
heap_tree=empty
#-----------
snapshot=77
#-----------
time=3474518734
mem_heap_B=312
mem_heap_extra_B=24
mem_stacks_B=0
heap_tree=empty
#-----------
snapshot=78
#-----------
time=3519062734
mem_heap_B=312
mem_heap_extra_B=24
mem_stacks_B=0
heap_tree=empty
#-----------
snapshot=79
#-----------
time=3563606734
mem_heap_B=312
mem_heap_extra_B=24
mem_stacks_B=0
heap_tree=empty
#-----------
snapshot=80
#-----------
time=3608150734
mem_heap_B=312
mem_heap_extra_B=24
mem_stacks_B=0
heap_tree=empty
#-----------
snapshot=81
#-----------
time=3652694734
mem_heap_B=312
mem_heap_extra_B=24
mem_stacks_B=0
heap_tree=empty
#-----------
snapshot=82
#-----------
time=3697238734
mem_heap_B=312
mem_heap_extra_B=24
mem_stacks_B=0
heap_tree=empty
#-----------
snapshot=83
#-----------
time=3741782734
mem_heap_B=312
mem_heap_extra_B=24
mem_stacks_B=0
heap_tree=empty
#-----------
snapshot=84
#-----------
time=3786326734
mem_heap_B=312
mem_heap_extra_B=24
mem_stacks_B=0
heap_tree=detailed
n3: 312 (heap allocation functions) malloc/new/new[], --alloc-fns, etc.
 n0: 256 0x40A210: main (in /home/zlin/code/lift-paper/Coconut/Examples/HandTracking/a.out)
 n0: 56 0x40A1BA: main (in /home/zlin/code/lift-paper/Coconut/Examples/HandTracking/a.out)
 n0: 0 in 1 place, below massif's threshold (1.00%)
#-----------
snapshot=85
#-----------
time=3830870734
mem_heap_B=312
mem_heap_extra_B=24
mem_stacks_B=0
heap_tree=empty
#-----------
snapshot=86
#-----------
time=3875414734
mem_heap_B=312
mem_heap_extra_B=24
mem_stacks_B=0
heap_tree=empty
#-----------
snapshot=87
#-----------
time=3919958734
mem_heap_B=312
mem_heap_extra_B=24
mem_stacks_B=0
heap_tree=empty
#-----------
snapshot=88
#-----------
time=3964502734
mem_heap_B=312
mem_heap_extra_B=24
mem_stacks_B=0
heap_tree=empty
#-----------
snapshot=89
#-----------
time=4009046734
mem_heap_B=312
mem_heap_extra_B=24
mem_stacks_B=0
heap_tree=empty
#-----------
snapshot=90
#-----------
time=4053590734
mem_heap_B=312
mem_heap_extra_B=24
mem_stacks_B=0
heap_tree=empty
#-----------
snapshot=91
#-----------
time=4098134734
mem_heap_B=312
mem_heap_extra_B=24
mem_stacks_B=0
heap_tree=empty
#-----------
snapshot=92
#-----------
time=4142678734
mem_heap_B=312
mem_heap_extra_B=24
mem_stacks_B=0
heap_tree=empty
#-----------
snapshot=93
#-----------
time=4187222734
mem_heap_B=312
mem_heap_extra_B=24
mem_stacks_B=0
heap_tree=empty
#-----------
snapshot=94
#-----------
time=4231766734
mem_heap_B=312
mem_heap_extra_B=24
mem_stacks_B=0
heap_tree=detailed
n3: 312 (heap allocation functions) malloc/new/new[], --alloc-fns, etc.
 n0: 256 0x40A210: main (in /home/zlin/code/lift-paper/Coconut/Examples/HandTracking/a.out)
 n0: 56 0x40A1BA: main (in /home/zlin/code/lift-paper/Coconut/Examples/HandTracking/a.out)
 n0: 0 in 1 place, below massif's threshold (1.00%)
#-----------
snapshot=95
#-----------
time=4276310734
mem_heap_B=312
mem_heap_extra_B=24
mem_stacks_B=0
heap_tree=empty
#-----------
snapshot=96
#-----------
time=4320854734
mem_heap_B=312
mem_heap_extra_B=24
mem_stacks_B=0
heap_tree=empty
#-----------
snapshot=97
#-----------
time=4350188052
mem_heap_B=1336
mem_heap_extra_B=32
mem_stacks_B=0
heap_tree=peak
n4: 1336 (heap allocation functions) malloc/new/new[], --alloc-fns, etc.
 n1: 1024 0x4A2AE83: _IO_file_doallocate (filedoalloc.c:101)
  n1: 1024 0x4A3B04F: _IO_doallocbuf (genops.c:347)
   n1: 1024 0x4A3A0AF: _IO_file_overflow@@GLIBC_2.2.5 (fileops.c:745)
    n1: 1024 0x4A07939: __printf_fp_l (printf_fp.c:1169)
     n1: 1024 0x4A20639: __vfprintf_internal (vfprintf-internal.c:1687)
      n1: 1024 0x4A0AEBE: printf (printf.c:33)
       n0: 1024 0x40A257: main (in /home/zlin/code/lift-paper/Coconut/Examples/HandTracking/a.out)
 n0: 256 0x40A210: main (in /home/zlin/code/lift-paper/Coconut/Examples/HandTracking/a.out)
 n0: 56 0x40A1BA: main (in /home/zlin/code/lift-paper/Coconut/Examples/HandTracking/a.out)
 n0: 0 in 1 place, below massif's threshold (1.00%)
