desc: --massif-out-file=massif.out
cmd: ./a.out
time_unit: i
#-----------
snapshot=0
#-----------
time=0
mem_heap_B=0
mem_heap_extra_B=0
mem_stacks_B=0
heap_tree=empty
#-----------
snapshot=1
#-----------
time=2214791
mem_heap_B=72704
mem_heap_extra_B=8
mem_stacks_B=0
heap_tree=empty
#-----------
snapshot=2
#-----------
time=3754774748
mem_heap_B=73728
mem_heap_extra_B=16
mem_stacks_B=0
heap_tree=empty
#-----------
snapshot=3
#-----------
time=3754806649
mem_heap_B=73728
mem_heap_extra_B=16
mem_stacks_B=0
heap_tree=peak
n2: 73728 (heap allocation functions) malloc/new/new[], --alloc-fns, etc.
 n1: 72704 0x4903A99: ??? (in /usr/lib/x86_64-linux-gnu/libstdc++.so.6.0.28)
  n1: 72704 0x4011B89: call_init.part.0 (dl-init.c:72)
   n1: 72704 0x4011C90: call_init (dl-init.c:30)
    n1: 72704 0x4011C90: _dl_init (dl-init.c:119)
     n0: 72704 0x4001139: ??? (in /usr/lib/x86_64-linux-gnu/ld-2.31.so)
 n1: 1024 0x4C2DE83: _IO_file_doallocate (filedoalloc.c:101)
  n1: 1024 0x4C3E04F: _IO_doallocbuf (genops.c:347)
   n1: 1024 0x4C3D0AF: _IO_file_overflow@@GLIBC_2.2.5 (fileops.c:745)
    n1: 1024 0x4C3B834: _IO_new_file_xsputn (fileops.c:1244)
     n1: 1024 0x4C3B834: _IO_file_xsputn@@GLIBC_2.2.5 (fileops.c:1197)
      n1: 1024 0x4C2F540: fwrite (iofwrite.c:39)
       n1: 1024 0x4990823: std::basic_ostream<char, std::char_traits<char> >& std::__ostream_insert<char, std::char_traits<char> >(std::basic_ostream<char, std::char_traits<char> >&, char const*, long) (in /usr/lib/x86_64-linux-gnu/libstdc++.so.6.0.28)
        n0: 1024 0x401460: main (in /home/zlin/code/lift-paper/Coconut/Examples/BundleAdjustment/CPP/a.out)
#-----------
snapshot=4
#-----------
time=3754806649
mem_heap_B=1024
mem_heap_extra_B=8
mem_stacks_B=0
heap_tree=empty
#-----------
snapshot=5
#-----------
time=3754808366
mem_heap_B=0
mem_heap_extra_B=0
mem_stacks_B=0
heap_tree=empty
