desc: --massif-out-file=massif.out
cmd: ./a.out
time_unit: i
#-----------
snapshot=0
#-----------
time=0
mem_heap_B=0
mem_heap_extra_B=0
mem_stacks_B=0
heap_tree=empty
#-----------
snapshot=1
#-----------
time=174440
mem_heap_B=72
mem_heap_extra_B=16
mem_stacks_B=0
heap_tree=empty
#-----------
snapshot=2
#-----------
time=174485
mem_heap_B=304
mem_heap_extra_B=32
mem_stacks_B=0
heap_tree=empty
#-----------
snapshot=3
#-----------
time=174558
mem_heap_B=536
mem_heap_extra_B=48
mem_stacks_B=0
heap_tree=empty
#-----------
snapshot=4
#-----------
time=174631
mem_heap_B=888
mem_heap_extra_B=56
mem_stacks_B=0
heap_tree=empty
#-----------
snapshot=5
#-----------
time=180368
mem_heap_B=11535236
mem_heap_extra_B=4084
mem_stacks_B=0
heap_tree=empty
#-----------
snapshot=6
#-----------
time=58669084
mem_heap_B=11536260
mem_heap_extra_B=4092
mem_stacks_B=0
heap_tree=empty
#-----------
snapshot=7
#-----------
time=14201915806
mem_heap_B=11536260
mem_heap_extra_B=4092
mem_stacks_B=0
heap_tree=peak
n2: 11536260 (heap allocation functions) malloc/new/new[], --alloc-fns, etc.
 n0: 11534348 0x406E3E: main (in /home/zlin/code/lift-paper/Coconut/Examples/GMM/a.out)
 n0: 1912 in 5 places, all below massif's threshold (1.00%)
#-----------
snapshot=8
#-----------
time=14201915806
mem_heap_B=11535236
mem_heap_extra_B=4084
mem_stacks_B=0
heap_tree=empty
