desc: --massif-out-file=massif.out
cmd: ./a.out
time_unit: i
#-----------
snapshot=0
#-----------
time=0
mem_heap_B=0
mem_heap_extra_B=0
mem_stacks_B=0
heap_tree=empty
#-----------
snapshot=1
#-----------
time=22004031
mem_heap_B=34462972
mem_heap_extra_B=12860
mem_stacks_B=0
heap_tree=peak
n5: 34462972 (heap allocation functions) malloc/new/new[], --alloc-fns, etc.
 n0: 9227468 0x407375: main (in /home/zlin/code/lift-paper/Coconut/Examples/oneMM/a.out)
 n1: 8409100 0x40650C: TOP_LEVEL_usecases_oneMM_oneMM_dps (in /home/zlin/code/lift-paper/Coconut/Examples/oneMM/a.out)
  n0: 8409100 0x4073C1: main (in /home/zlin/code/lift-paper/Coconut/Examples/oneMM/a.out)
 n0: 8409100 0x40721E: main (in /home/zlin/code/lift-paper/Coconut/Examples/oneMM/a.out)
 n0: 8409100 0x4072C9: main (in /home/zlin/code/lift-paper/Coconut/Examples/oneMM/a.out)
 n0: 8204 in 1 place, below massif's threshold (1.00%)
#-----------
snapshot=2
#-----------
time=115552729
mem_heap_B=34454768
mem_heap_extra_B=12848
mem_stacks_B=0
heap_tree=empty
#-----------
snapshot=3
#-----------
time=178922399
mem_heap_B=34454768
mem_heap_extra_B=12848
mem_stacks_B=0
heap_tree=empty
#-----------
snapshot=4
#-----------
time=277254629
mem_heap_B=34454768
mem_heap_extra_B=12848
mem_stacks_B=0
heap_tree=empty
#-----------
snapshot=5
#-----------
time=340473325
mem_heap_B=34454768
mem_heap_extra_B=12848
mem_stacks_B=0
heap_tree=empty
#-----------
snapshot=6
#-----------
time=404931597
mem_heap_B=34454768
mem_heap_extra_B=12848
mem_stacks_B=0
heap_tree=empty
#-----------
snapshot=7
#-----------
time=457303965
mem_heap_B=34462972
mem_heap_extra_B=12860
mem_stacks_B=0
heap_tree=detailed
n5: 34462972 (heap allocation functions) malloc/new/new[], --alloc-fns, etc.
 n0: 9227468 0x407375: main (in /home/zlin/code/lift-paper/Coconut/Examples/oneMM/a.out)
 n1: 8409100 0x40650C: TOP_LEVEL_usecases_oneMM_oneMM_dps (in /home/zlin/code/lift-paper/Coconut/Examples/oneMM/a.out)
  n0: 8409100 0x4073C1: main (in /home/zlin/code/lift-paper/Coconut/Examples/oneMM/a.out)
 n0: 8409100 0x40721E: main (in /home/zlin/code/lift-paper/Coconut/Examples/oneMM/a.out)
 n0: 8409100 0x4072C9: main (in /home/zlin/code/lift-paper/Coconut/Examples/oneMM/a.out)
 n0: 8204 in 1 place, below massif's threshold (1.00%)
#-----------
snapshot=8
#-----------
time=538401241
mem_heap_B=34462972
mem_heap_extra_B=12860
mem_stacks_B=0
heap_tree=empty
#-----------
snapshot=9
#-----------
time=647555983
mem_heap_B=34462972
mem_heap_extra_B=12860
mem_stacks_B=0
heap_tree=empty
#-----------
snapshot=10
#-----------
time=756710725
mem_heap_B=34462972
mem_heap_extra_B=12860
mem_stacks_B=0
heap_tree=empty
#-----------
snapshot=11
#-----------
time=830298991
mem_heap_B=34462972
mem_heap_extra_B=12860
mem_stacks_B=0
heap_tree=empty
#-----------
snapshot=12
#-----------
time=888702391
mem_heap_B=34462972
mem_heap_extra_B=12860
mem_stacks_B=0
heap_tree=empty
#-----------
snapshot=13
#-----------
time=955449111
mem_heap_B=34462972
mem_heap_extra_B=12860
mem_stacks_B=0
heap_tree=empty
#-----------
snapshot=14
#-----------
time=1055569211
mem_heap_B=34462972
mem_heap_extra_B=12860
mem_stacks_B=0
heap_tree=empty
#-----------
snapshot=15
#-----------
time=1122315931
mem_heap_B=34462972
mem_heap_extra_B=12860
mem_stacks_B=0
heap_tree=empty
#-----------
snapshot=16
#-----------
time=1214092691
mem_heap_B=34462972
mem_heap_extra_B=12860
mem_stacks_B=0
heap_tree=empty
#-----------
snapshot=17
#-----------
time=1280839411
mem_heap_B=34462972
mem_heap_extra_B=12860
mem_stacks_B=0
heap_tree=empty
#-----------
snapshot=18
#-----------
time=1380959511
mem_heap_B=34462972
mem_heap_extra_B=12860
mem_stacks_B=0
heap_tree=empty
#-----------
snapshot=19
#-----------
time=1447706231
mem_heap_B=34462972
mem_heap_extra_B=12860
mem_stacks_B=0
heap_tree=empty
#-----------
snapshot=20
#-----------
time=1547826331
mem_heap_B=34462972
mem_heap_extra_B=12860
mem_stacks_B=0
heap_tree=empty
#-----------
snapshot=21
#-----------
time=1614573051
mem_heap_B=34462972
mem_heap_extra_B=12860
mem_stacks_B=0
heap_tree=empty
#-----------
snapshot=22
#-----------
time=1714693151
mem_heap_B=34462972
mem_heap_extra_B=12860
mem_stacks_B=0
heap_tree=empty
#-----------
snapshot=23
#-----------
time=1781439871
mem_heap_B=34462972
mem_heap_extra_B=12860
mem_stacks_B=0
heap_tree=empty
#-----------
snapshot=24
#-----------
time=1881559971
mem_heap_B=34462972
mem_heap_extra_B=12860
mem_stacks_B=0
heap_tree=empty
#-----------
snapshot=25
#-----------
time=1948306691
mem_heap_B=34462972
mem_heap_extra_B=12860
mem_stacks_B=0
heap_tree=empty
#-----------
snapshot=26
#-----------
time=2015053411
mem_heap_B=34462972
mem_heap_extra_B=12860
mem_stacks_B=0
heap_tree=empty
#-----------
snapshot=27
#-----------
time=2105876651
mem_heap_B=34462972
mem_heap_extra_B=12860
mem_stacks_B=0
heap_tree=empty
#-----------
snapshot=28
#-----------
time=2220776371
mem_heap_B=34462972
mem_heap_extra_B=12860
mem_stacks_B=0
heap_tree=empty
#-----------
snapshot=29
#-----------
time=2278226231
mem_heap_B=34462972
mem_heap_extra_B=12860
mem_stacks_B=0
heap_tree=empty
#-----------
snapshot=30
#-----------
time=2335676091
mem_heap_B=34462972
mem_heap_extra_B=12860
mem_stacks_B=0
heap_tree=empty
#-----------
snapshot=31
#-----------
time=2393125951
mem_heap_B=34462972
mem_heap_extra_B=12860
mem_stacks_B=0
heap_tree=empty
#-----------
snapshot=32
#-----------
time=2479300761
mem_heap_B=34462972
mem_heap_extra_B=12860
mem_stacks_B=0
heap_tree=empty
#-----------
snapshot=33
#-----------
time=2536750621
mem_heap_B=34462972
mem_heap_extra_B=12860
mem_stacks_B=0
heap_tree=detailed
n5: 34462972 (heap allocation functions) malloc/new/new[], --alloc-fns, etc.
 n0: 9227468 0x407375: main (in /home/zlin/code/lift-paper/Coconut/Examples/oneMM/a.out)
 n1: 8409100 0x40650C: TOP_LEVEL_usecases_oneMM_oneMM_dps (in /home/zlin/code/lift-paper/Coconut/Examples/oneMM/a.out)
  n0: 8409100 0x4073C1: main (in /home/zlin/code/lift-paper/Coconut/Examples/oneMM/a.out)
 n0: 8409100 0x40721E: main (in /home/zlin/code/lift-paper/Coconut/Examples/oneMM/a.out)
 n0: 8409100 0x4072C9: main (in /home/zlin/code/lift-paper/Coconut/Examples/oneMM/a.out)
 n0: 8204 in 1 place, below massif's threshold (1.00%)
#-----------
snapshot=34
#-----------
time=2594200481
mem_heap_B=34462972
mem_heap_extra_B=12860
mem_stacks_B=0
heap_tree=empty
#-----------
snapshot=35
#-----------
time=2651650341
mem_heap_B=34462972
mem_heap_extra_B=12860
mem_stacks_B=0
heap_tree=empty
#-----------
snapshot=36
#-----------
time=2709100201
mem_heap_B=34462972
mem_heap_extra_B=12860
mem_stacks_B=0
heap_tree=empty
#-----------
snapshot=37
#-----------
time=2766550061
mem_heap_B=34462972
mem_heap_extra_B=12860
mem_stacks_B=0
heap_tree=empty
#-----------
snapshot=38
#-----------
time=2823999921
mem_heap_B=34462972
mem_heap_extra_B=12860
mem_stacks_B=0
heap_tree=detailed
n5: 34462972 (heap allocation functions) malloc/new/new[], --alloc-fns, etc.
 n0: 9227468 0x407375: main (in /home/zlin/code/lift-paper/Coconut/Examples/oneMM/a.out)
 n1: 8409100 0x40650C: TOP_LEVEL_usecases_oneMM_oneMM_dps (in /home/zlin/code/lift-paper/Coconut/Examples/oneMM/a.out)
  n0: 8409100 0x4073C1: main (in /home/zlin/code/lift-paper/Coconut/Examples/oneMM/a.out)
 n0: 8409100 0x40721E: main (in /home/zlin/code/lift-paper/Coconut/Examples/oneMM/a.out)
 n0: 8409100 0x4072C9: main (in /home/zlin/code/lift-paper/Coconut/Examples/oneMM/a.out)
 n0: 8204 in 1 place, below massif's threshold (1.00%)
#-----------
snapshot=39
#-----------
time=2881449781
mem_heap_B=34462972
mem_heap_extra_B=12860
mem_stacks_B=0
heap_tree=empty
#-----------
snapshot=40
#-----------
time=2967624591
mem_heap_B=34462972
mem_heap_extra_B=12860
mem_stacks_B=0
heap_tree=empty
#-----------
snapshot=41
#-----------
time=3025074451
mem_heap_B=34462972
mem_heap_extra_B=12860
mem_stacks_B=0
heap_tree=empty
#-----------
snapshot=42
#-----------
time=3082524311
mem_heap_B=34462972
mem_heap_extra_B=12860
mem_stacks_B=0
heap_tree=empty
#-----------
snapshot=43
#-----------
time=3139974171
mem_heap_B=34462972
mem_heap_extra_B=12860
mem_stacks_B=0
heap_tree=empty
#-----------
snapshot=44
#-----------
time=3197424031
mem_heap_B=34462972
mem_heap_extra_B=12860
mem_stacks_B=0
heap_tree=empty
#-----------
snapshot=45
#-----------
time=3254873891
mem_heap_B=34462972
mem_heap_extra_B=12860
mem_stacks_B=0
heap_tree=empty
#-----------
snapshot=46
#-----------
time=3312323751
mem_heap_B=34462972
mem_heap_extra_B=12860
mem_stacks_B=0
heap_tree=empty
#-----------
snapshot=47
#-----------
time=3369773611
mem_heap_B=34462972
mem_heap_extra_B=12860
mem_stacks_B=0
heap_tree=empty
#-----------
snapshot=48
#-----------
time=3427223471
mem_heap_B=34462972
mem_heap_extra_B=12860
mem_stacks_B=0
heap_tree=empty
#-----------
snapshot=49
#-----------
time=3484673351
mem_heap_B=34462972
mem_heap_extra_B=12860
mem_stacks_B=0
heap_tree=empty
#-----------
snapshot=50
#-----------
time=3537049608
mem_heap_B=34454768
mem_heap_extra_B=12848
mem_stacks_B=0
heap_tree=empty
#-----------
snapshot=51
#-----------
time=3589421996
mem_heap_B=34462972
mem_heap_extra_B=12860
mem_stacks_B=0
heap_tree=empty
#-----------
snapshot=52
#-----------
time=3641798273
mem_heap_B=34454768
mem_heap_extra_B=12848
mem_stacks_B=0
heap_tree=empty
#-----------
snapshot=53
#-----------
time=3694170661
mem_heap_B=34462972
mem_heap_extra_B=12860
mem_stacks_B=0
heap_tree=empty
#-----------
snapshot=54
#-----------
time=3746546938
mem_heap_B=34454768
mem_heap_extra_B=12848
mem_stacks_B=0
heap_tree=empty
#-----------
snapshot=55
#-----------
time=3798919326
mem_heap_B=34462972
mem_heap_extra_B=12860
mem_stacks_B=0
heap_tree=empty
#-----------
snapshot=56
#-----------
time=3851295603
mem_heap_B=34454768
mem_heap_extra_B=12848
mem_stacks_B=0
heap_tree=detailed
n5: 34454768 (heap allocation functions) malloc/new/new[], --alloc-fns, etc.
 n0: 9227468 0x407375: main (in /home/zlin/code/lift-paper/Coconut/Examples/oneMM/a.out)
 n1: 8409100 0x40650C: TOP_LEVEL_usecases_oneMM_oneMM_dps (in /home/zlin/code/lift-paper/Coconut/Examples/oneMM/a.out)
  n0: 8409100 0x4073C1: main (in /home/zlin/code/lift-paper/Coconut/Examples/oneMM/a.out)
 n0: 8409100 0x40721E: main (in /home/zlin/code/lift-paper/Coconut/Examples/oneMM/a.out)
 n0: 8409100 0x4072C9: main (in /home/zlin/code/lift-paper/Coconut/Examples/oneMM/a.out)
 n0: 0 in 1 place, below massif's threshold (1.00%)
#-----------
snapshot=57
#-----------
time=3903667991
mem_heap_B=34462972
mem_heap_extra_B=12860
mem_stacks_B=0
heap_tree=empty
#-----------
snapshot=58
#-----------
time=3956044248
mem_heap_B=34454768
mem_heap_extra_B=12848
mem_stacks_B=0
heap_tree=empty
#-----------
snapshot=59
#-----------
time=4008416636
mem_heap_B=34462972
mem_heap_extra_B=12860
mem_stacks_B=0
heap_tree=empty
#-----------
snapshot=60
#-----------
time=4060792913
mem_heap_B=34454768
mem_heap_extra_B=12848
mem_stacks_B=0
heap_tree=empty
#-----------
snapshot=61
#-----------
time=4113165301
mem_heap_B=34462972
mem_heap_extra_B=12860
mem_stacks_B=0
heap_tree=empty
#-----------
snapshot=62
#-----------
time=4165541578
mem_heap_B=34454768
mem_heap_extra_B=12848
mem_stacks_B=0
heap_tree=empty
